# JRE version: Java(TM) SE Runtime Environment (8.0_66-b18) (build 1.8.0_66-b18)
# Java VM: Java HotSpot(TM) 64-Bit Server VM (25.66-b18 mixed mode windows-amd64 compressed oops)
Heap:
 PSYoungGen      total 111104K, used 47191K [0x00000000f5580000, 0x00000000feb80000, 0x0000000100000000)
  eden space 71168K, 59% used [0x00000000f5580000,0x00000000f7ee7288,0x00000000f9b00000)
  from space 39936K, 12% used [0x00000000fc200000,0x00000000fc6aea90,0x00000000fe900000)
  to   space 39936K, 0% used [0x00000000f9b00000,0x00000000f9b00000,0x00000000fc200000)
 ParOldGen       total 118272K, used 67208K [0x00000000e0000000, 0x00000000e7380000, 0x00000000f5580000)
  object space 118272K, 56% used [0x00000000e0000000,0x00000000e41a2358,0x00000000e7380000)
 Metaspace       used 90084K, capacity 97268K, committed 97456K, reserved 1134592K
  class space    used 10936K, capacity 13124K, committed 13232K, reserved 1048576K
GC Heap History (10 events):
Event: 35.051 GC heap before
{Heap before GC invocations=18 (full 3):
 PSYoungGen      total 94720K, used 94715K [0x00000000f5580000, 0x00000000fdc00000, 0x0000000100000000)
  eden space 66048K, 100% used [0x00000000f5580000,0x00000000f9600000,0x00000000f9600000)
  from space 28672K, 99% used [0x00000000fb680000,0x00000000fd27efd0,0x00000000fd280000)
  to   space 33280K, 0% used [0x00000000f9600000,0x00000000f9600000,0x00000000fb680000)
 ParOldGen       total 118272K, used 47761K [0x00000000e0000000, 0x00000000e7380000, 0x00000000f5580000)
  object space 118272K, 40% used [0x00000000e0000000,0x00000000e2ea4588,0x00000000e7380000)
 Metaspace       used 82261K, capacity 88932K, committed 89136K, reserved 1126400K
  class space    used 9999K, capacity 11987K, committed 12080K, reserved 1048576K
Event: 35.067 GC heap after
Heap after GC invocations=18 (full 3):
 PSYoungGen      total 99328K, used 25388K [0x00000000f5580000, 0x00000000fe180000, 0x0000000100000000)
  eden space 66048K, 0% used [0x00000000f5580000,0x00000000f5580000,0x00000000f9600000)
  from space 33280K, 76% used [0x00000000f9600000,0x00000000faecb0b0,0x00000000fb680000)
  to   space 35328K, 0% used [0x00000000fbf00000,0x00000000fbf00000,0x00000000fe180000)
 ParOldGen       total 118272K, used 53005K [0x00000000e0000000, 0x00000000e7380000, 0x00000000f5580000)
  object space 118272K, 44% used [0x00000000e0000000,0x00000000e33c35d0,0x00000000e7380000)
 Metaspace       used 82261K, capacity 88932K, committed 89136K, reserved 1126400K
  class space    used 9999K, capacity 11987K, committed 12080K, reserved 1048576K
}
Event: 98.159 GC heap before
{Heap before GC invocations=19 (full 3):
 PSYoungGen      total 99328K, used 91436K [0x00000000f5580000, 0x00000000fe180000, 0x0000000100000000)
  eden space 66048K, 100% used [0x00000000f5580000,0x00000000f9600000,0x00000000f9600000)
  from space 33280K, 76% used [0x00000000f9600000,0x00000000faecb0b0,0x00000000fb680000)
  to   space 35328K, 0% used [0x00000000fbf00000,0x00000000fbf00000,0x00000000fe180000)
 ParOldGen       total 118272K, used 53005K [0x00000000e0000000, 0x00000000e7380000, 0x00000000f5580000)
  object space 118272K, 44% used [0x00000000e0000000,0x00000000e33c35d0,0x00000000e7380000)
 Metaspace       used 84307K, capacity 90820K, committed 90928K, reserved 1128448K
  class space    used 10265K, capacity 12230K, committed 12336K, reserved 1048576K
Event: 98.172 GC heap after
Heap after GC invocations=19 (full 3):
 PSYoungGen      total 105984K, used 27505K [0x00000000f5580000, 0x00000000fe400000, 0x0000000100000000)
  eden space 70656K, 0% used [0x00000000f5580000,0x00000000f5580000,0x00000000f9a80000)
  from space 35328K, 77% used [0x00000000fbf00000,0x00000000fd9dc690,0x00000000fe180000)
  to   space 37376K, 0% used [0x00000000f9a80000,0x00000000f9a80000,0x00000000fbf00000)
 ParOldGen       total 118272K, used 53013K [0x00000000e0000000, 0x00000000e7380000, 0x00000000f5580000)
  object space 118272K, 44% used [0x00000000e0000000,0x00000000e33c55d0,0x00000000e7380000)
 Metaspace       used 84307K, capacity 90820K, committed 90928K, reserved 1128448K
  class space    used 10265K, capacity 12230K, committed 12336K, reserved 1048576K
}
Event: 106.058 GC heap before
{Heap before GC invocations=20 (full 3):
 PSYoungGen      total 105984K, used 76746K [0x00000000f5580000, 0x00000000fe400000, 0x0000000100000000)
  eden space 70656K, 69% used [0x00000000f5580000,0x00000000f85963a8,0x00000000f9a80000)
  from space 35328K, 77% used [0x00000000fbf00000,0x00000000fd9dc690,0x00000000fe180000)
  to   space 37376K, 0% used [0x00000000f9a80000,0x00000000f9a80000,0x00000000fbf00000)
 ParOldGen       total 118272K, used 53013K [0x00000000e0000000, 0x00000000e7380000, 0x00000000f5580000)
  object space 118272K, 44% used [0x00000000e0000000,0x00000000e33c55d0,0x00000000e7380000)
 Metaspace       used 86046K, capacity 92852K, committed 93104K, reserved 1130496K
  class space    used 10467K, capacity 12457K, committed 12464K, reserved 1048576K
Event: 106.070 GC heap after
Heap after GC invocations=20 (full 3):
 PSYoungGen      total 108032K, used 28904K [0x00000000f5580000, 0x00000000fe900000, 0x0000000100000000)
  eden space 70656K, 0% used [0x00000000f5580000,0x00000000f5580000,0x00000000f9a80000)
  from space 37376K, 77% used [0x00000000f9a80000,0x00000000fb6ba380,0x00000000fbf00000)
  to   space 39936K, 0% used [0x00000000fc200000,0x00000000fc200000,0x00000000fe900000)
 ParOldGen       total 118272K, used 53021K [0x00000000e0000000, 0x00000000e7380000, 0x00000000f5580000)
  object space 118272K, 44% used [0x00000000e0000000,0x00000000e33c75d0,0x00000000e7380000)
 Metaspace       used 86046K, capacity 92852K, committed 93104K, reserved 1130496K
  class space    used 10467K, capacity 12457K, committed 12464K, reserved 1048576K
}
Event: 106.070 GC heap before
{Heap before GC invocations=21 (full 4):
 PSYoungGen      total 108032K, used 28904K [0x00000000f5580000, 0x00000000fe900000, 0x0000000100000000)
  eden space 70656K, 0% used [0x00000000f5580000,0x00000000f5580000,0x00000000f9a80000)
  from space 37376K, 77% used [0x00000000f9a80000,0x00000000fb6ba380,0x00000000fbf00000)
  to   space 39936K, 0% used [0x00000000fc200000,0x00000000fc200000,0x00000000fe900000)
 ParOldGen       total 118272K, used 53021K [0x00000000e0000000, 0x00000000e7380000, 0x00000000f5580000)
  object space 118272K, 44% used [0x00000000e0000000,0x00000000e33c75d0,0x00000000e7380000)
 Metaspace       used 86046K, capacity 92852K, committed 93104K, reserved 1130496K
  class space    used 10467K, capacity 12457K, committed 12464K, reserved 1048576K
Event: 106.386 GC heap after
Heap after GC invocations=21 (full 4):
 PSYoungGen      total 108032K, used 0K [0x00000000f5580000, 0x00000000fe900000, 0x0000000100000000)
  eden space 70656K, 0% used [0x00000000f5580000,0x00000000f5580000,0x00000000f9a80000)
  from space 37376K, 0% used [0x00000000f9a80000,0x00000000f9a80000,0x00000000fbf00000)
  to   space 39936K, 0% used [0x00000000fc200000,0x00000000fc200000,0x00000000fe900000)
 ParOldGen       total 118272K, used 67200K [0x00000000e0000000, 0x00000000e7380000, 0x00000000f5580000)
  object space 118272K, 56% used [0x00000000e0000000,0x00000000e41a0358,0x00000000e7380000)
 Metaspace       used 86046K, capacity 92852K, committed 93104K, reserved 1130496K
  class space    used 10467K, capacity 12457K, committed 12464K, reserved 1048576K
}
Event: 283.060 GC heap before
{Heap before GC invocations=22 (full 4):
 PSYoungGen      total 108032K, used 70656K [0x00000000f5580000, 0x00000000fe900000, 0x0000000100000000)
  eden space 70656K, 100% used [0x00000000f5580000,0x00000000f9a80000,0x00000000f9a80000)
  from space 37376K, 0% used [0x00000000f9a80000,0x00000000f9a80000,0x00000000fbf00000)
  to   space 39936K, 0% used [0x00000000fc200000,0x00000000fc200000,0x00000000fe900000)
 ParOldGen       total 118272K, used 67200K [0x00000000e0000000, 0x00000000e7380000, 0x00000000f5580000)
  object space 118272K, 56% used [0x00000000e0000000,0x00000000e41a0358,0x00000000e7380000)
 Metaspace       used 88836K, capacity 96100K, committed 96432K, reserved 1132544K
  class space    used 10805K, capacity 12866K, committed 12976K, reserved 1048576K
Event: 283.065 GC heap after
Heap after GC invocations=22 (full 4):
 PSYoungGen      total 111104K, used 4794K [0x00000000f5580000, 0x00000000feb80000, 0x0000000100000000)
  eden space 71168K, 0% used [0x00000000f5580000,0x00000000f5580000,0x00000000f9b00000)
  from space 39936K, 12% used [0x00000000fc200000,0x00000000fc6aea90,0x00000000fe900000)
  to   space 39936K, 0% used [0x00000000f9b00000,0x00000000f9b00000,0x00000000fc200000)
 ParOldGen       total 118272K, used 67208K [0x00000000e0000000, 0x00000000e7380000, 0x00000000f5580000)
  object space 118272K, 56% used [0x00000000e0000000,0x00000000e41a2358,0x00000000e7380000)
 Metaspace       used 88836K, capacity 96100K, committed 96432K, reserved 1132544K
  class space    used 10805K, capacity 12866K, committed 12976K, reserved 1048576K
}

